

Started GET "/" for ::1 at 2015-02-20 05:38:44 -0800

ActiveRecord::PendingMigrationError (

Migrations are pending. To resolve this issue, run:

	bin/rake db:migrate RAILS_ENV=development

):
  activerecord (4.2.0) lib/active_record/migration.rb:393:in `check_pending!'
  activerecord (4.2.0) lib/active_record/migration.rb:374:in `call'
  actionpack (4.2.0) lib/action_dispatch/middleware/callbacks.rb:29:in `block in call'
  activesupport (4.2.0) lib/active_support/callbacks.rb:88:in `call'
  activesupport (4.2.0) lib/active_support/callbacks.rb:88:in `_run_callbacks'
  activesupport (4.2.0) lib/active_support/callbacks.rb:734:in `_run_call_callbacks'
  activesupport (4.2.0) lib/active_support/callbacks.rb:81:in `run_callbacks'
  actionpack (4.2.0) lib/action_dispatch/middleware/callbacks.rb:27:in `call'
  actionpack (4.2.0) lib/action_dispatch/middleware/reloader.rb:73:in `call'
  actionpack (4.2.0) lib/action_dispatch/middleware/remote_ip.rb:78:in `call'
  web-console (2.0.0) lib/action_dispatch/debug_exceptions.rb:18:in `middleware_call'
  web-console (2.0.0) lib/action_dispatch/debug_exceptions.rb:13:in `call'
  actionpack (4.2.0) lib/action_dispatch/middleware/show_exceptions.rb:30:in `call'
  railties (4.2.0) lib/rails/rack/logger.rb:38:in `call_app'
  railties (4.2.0) lib/rails/rack/logger.rb:20:in `block in call'
  activesupport (4.2.0) lib/active_support/tagged_logging.rb:68:in `block in tagged'
  activesupport (4.2.0) lib/active_support/tagged_logging.rb:26:in `tagged'
  activesupport (4.2.0) lib/active_support/tagged_logging.rb:68:in `tagged'
  railties (4.2.0) lib/rails/rack/logger.rb:20:in `call'
  actionpack (4.2.0) lib/action_dispatch/middleware/request_id.rb:21:in `call'
  rack (1.6.0) lib/rack/methodoverride.rb:22:in `call'
  rack (1.6.0) lib/rack/runtime.rb:18:in `call'
  activesupport (4.2.0) lib/active_support/cache/strategy/local_cache_middleware.rb:28:in `call'
  rack (1.6.0) lib/rack/lock.rb:17:in `call'
  actionpack (4.2.0) lib/action_dispatch/middleware/static.rb:113:in `call'
  rack (1.6.0) lib/rack/sendfile.rb:113:in `call'
  railties (4.2.0) lib/rails/engine.rb:518:in `call'
  railties (4.2.0) lib/rails/application.rb:164:in `call'
  rack (1.6.0) lib/rack/lock.rb:17:in `call'
  rack (1.6.0) lib/rack/content_length.rb:15:in `call'
  rack (1.6.0) lib/rack/handler/webrick.rb:89:in `service'
  /System/Library/Frameworks/Ruby.framework/Versions/2.0/usr/lib/ruby/2.0.0/webrick/httpserver.rb:138:in `service'
  /System/Library/Frameworks/Ruby.framework/Versions/2.0/usr/lib/ruby/2.0.0/webrick/httpserver.rb:94:in `run'
  /System/Library/Frameworks/Ruby.framework/Versions/2.0/usr/lib/ruby/2.0.0/webrick/server.rb:295:in `block in start_thread'


  Rendered /Library/Ruby/Gems/2.0.0/gems/web-console-2.0.0/lib/action_dispatch/templates/rescues/_source.erb (2.4ms)
  Rendered /Library/Ruby/Gems/2.0.0/gems/web-console-2.0.0/lib/action_dispatch/templates/rescues/_trace.html.erb (1.2ms)
  Rendered /Library/Ruby/Gems/2.0.0/gems/web-console-2.0.0/lib/action_dispatch/templates/rescues/_request_and_response.html.erb (0.6ms)
  Rendered /Library/Ruby/Gems/2.0.0/gems/web-console-2.0.0/lib/action_dispatch/templates/rescues/_web_console.html.erb (0.6ms)
  Rendered /Library/Ruby/Gems/2.0.0/gems/web-console-2.0.0/lib/action_dispatch/templates/rescues/diagnostics.html.erb within rescues/layout (16.8ms)
  [1m[36m (1.2ms)[0m  [1mCREATE TABLE "schema_migrations" ("version" varchar NOT NULL) [0m
  [1m[35m (0.0ms)[0m  select sqlite_version(*)
  [1m[36m (0.9ms)[0m  [1mCREATE UNIQUE INDEX "unique_schema_migrations" ON "schema_migrations" ("version")[0m
  [1m[35mActiveRecord::SchemaMigration Load (0.1ms)[0m  SELECT "schema_migrations".* FROM "schema_migrations"
Migrating to CreatePosts (20150209012309)
  [1m[36m (0.1ms)[0m  [1mbegin transaction[0m
  [1m[35m (0.4ms)[0m  CREATE TABLE "posts" ("id" INTEGER PRIMARY KEY AUTOINCREMENT NOT NULL, "title" varchar, "body" text, "created_at" datetime NOT NULL, "updated_at" datetime NOT NULL) 
  [1m[36mSQL (0.2ms)[0m  [1mINSERT INTO "schema_migrations" ("version") VALUES (?)[0m  [["version", "20150209012309"]]
  [1m[35m (0.8ms)[0m  commit transaction
Migrating to CreateComments (20150209012556)
  [1m[36m (0.0ms)[0m  [1mbegin transaction[0m
  [1m[35m (0.3ms)[0m  CREATE TABLE "comments" ("id" INTEGER PRIMARY KEY AUTOINCREMENT NOT NULL, "body" text, "post_id" integer, "created_at" datetime NOT NULL, "updated_at" datetime NOT NULL) 
  [1m[36m (0.1ms)[0m  [1mCREATE  INDEX "index_comments_on_post_id" ON "comments" ("post_id")[0m
  [1m[35mSQL (0.1ms)[0m  INSERT INTO "schema_migrations" ("version") VALUES (?)  [["version", "20150209012556"]]
  [1m[36m (1.0ms)[0m  [1mcommit transaction[0m
Migrating to DeviseCreateUsers (20150217012820)
  [1m[35m (0.0ms)[0m  begin transaction
DEPRECATION WARNING: `#timestamp` was called without specifying an option for `null`. In Rails 5, this behavior will change to `null: false`. You should manually specify `null: true` to prevent the behavior of your existing migrations from changing. (called from block in change at /Users/dpauli/code/bloccit/db/migrate/20150217012820_devise_create_users.rb:37)
  [1m[36m (0.2ms)[0m  [1mCREATE TABLE "users" ("id" INTEGER PRIMARY KEY AUTOINCREMENT NOT NULL, "name" varchar, "email" varchar DEFAULT '' NOT NULL, "encrypted_password" varchar DEFAULT '' NOT NULL, "reset_password_token" varchar, "reset_password_sent_at" datetime, "remember_created_at" datetime, "sign_in_count" integer DEFAULT 0 NOT NULL, "current_sign_in_at" datetime, "last_sign_in_at" datetime, "current_sign_in_ip" varchar, "last_sign_in_ip" varchar, "confirmation_token" varchar, "confirmed_at" datetime, "confirmation_sent_at" datetime, "unconfirmed_email" varchar, "created_at" datetime, "updated_at" datetime) [0m
  [1m[35m (0.4ms)[0m  CREATE UNIQUE INDEX "index_users_on_email" ON "users" ("email")
  [1m[36m (0.1ms)[0m  [1m            SELECT sql
            FROM sqlite_master
            WHERE name='index_users_on_email' AND type='index'
            UNION ALL
            SELECT sql
            FROM sqlite_temp_master
            WHERE name='index_users_on_email' AND type='index'
[0m
  [1m[35m (0.1ms)[0m  CREATE UNIQUE INDEX "index_users_on_reset_password_token" ON "users" ("reset_password_token")
  [1m[36mSQL (0.1ms)[0m  [1mINSERT INTO "schema_migrations" ("version") VALUES (?)[0m  [["version", "20150217012820"]]
  [1m[35m (1.4ms)[0m  commit transaction
Migrating to AddUserToPosts (20150218125814)
  [1m[36m (0.0ms)[0m  [1mbegin transaction[0m
  [1m[35m (0.2ms)[0m  ALTER TABLE "posts" ADD "user_id" integer
  [1m[36m (0.1ms)[0m  [1mCREATE  INDEX "index_posts_on_user_id" ON "posts" ("user_id")[0m
  [1m[35mSQL (0.1ms)[0m  INSERT INTO "schema_migrations" ("version") VALUES (?)  [["version", "20150218125814"]]
  [1m[36m (0.7ms)[0m  [1mcommit transaction[0m
Migrating to AddRoleToUsers (20150218195453)
  [1m[35m (0.1ms)[0m  begin transaction
  [1m[36m (0.3ms)[0m  [1mALTER TABLE "users" ADD "role" varchar[0m
  [1m[35mSQL (0.1ms)[0m  INSERT INTO "schema_migrations" ("version") VALUES (?)  [["version", "20150218195453"]]
  [1m[36m (0.8ms)[0m  [1mcommit transaction[0m
  [1m[35mActiveRecord::SchemaMigration Load (0.1ms)[0m  SELECT "schema_migrations".* FROM "schema_migrations"
  [1m[36m (0.1ms)[0m  [1m            SELECT sql
            FROM sqlite_master
            WHERE name='index_comments_on_post_id' AND type='index'
            UNION ALL
            SELECT sql
            FROM sqlite_temp_master
            WHERE name='index_comments_on_post_id' AND type='index'
[0m
  [1m[35m (0.1ms)[0m              SELECT sql
            FROM sqlite_master
            WHERE name='index_posts_on_user_id' AND type='index'
            UNION ALL
            SELECT sql
            FROM sqlite_temp_master
            WHERE name='index_posts_on_user_id' AND type='index'

  [1m[36m (0.1ms)[0m  [1m            SELECT sql
            FROM sqlite_master
            WHERE name='index_users_on_reset_password_token' AND type='index'
            UNION ALL
            SELECT sql
            FROM sqlite_temp_master
            WHERE name='index_users_on_reset_password_token' AND type='index'
[0m
  [1m[35m (0.1ms)[0m              SELECT sql
            FROM sqlite_master
            WHERE name='index_users_on_email' AND type='index'
            UNION ALL
            SELECT sql
            FROM sqlite_temp_master
            WHERE name='index_users_on_email' AND type='index'



Started GET "/" for ::1 at 2015-02-20 05:39:56 -0800
  [1m[36mActiveRecord::SchemaMigration Load (0.1ms)[0m  [1mSELECT "schema_migrations".* FROM "schema_migrations"[0m
Processing by WelcomeController#index as HTML
  Rendered welcome/index.html.erb within layouts/application (1.2ms)
  [1m[35mUser Load (0.1ms)[0m  SELECT  "users".* FROM "users" WHERE "users"."id" = ?  ORDER BY "users"."id" ASC LIMIT 1  [["id", 6]]
Completed 200 OK in 197ms (Views: 176.3ms | ActiveRecord: 0.5ms)


Started GET "/assets/posts-64e62ddc273c2f5847f30d698ca14b67.css?body=1" for ::1 at 2015-02-20 05:39:56 -0800


Started GET "/assets/welcome-3ed924ff8ccea31e10904e5a81810b5a.css?body=1" for ::1 at 2015-02-20 05:39:56 -0800


Started GET "/assets/application-d8c96d5c1fb84bcbf8638fdf210425f3.css?body=1" for ::1 at 2015-02-20 05:39:56 -0800


Started GET "/assets/bootstrap-f069863cd7c15927c7faef4bba9fc907.js?body=1" for ::1 at 2015-02-20 05:39:56 -0800


Started GET "/assets/jquery-87424c3c19e96d4fb033c10ebe21ec40.js?body=1" for ::1 at 2015-02-20 05:39:56 -0800


Started GET "/assets/welcome-fcec5b5a277ac7c20cc9f45a209a3bcd.js?body=1" for ::1 at 2015-02-20 05:39:56 -0800


Started GET "/assets/jquery_ujs-e27bd20a10d28155845a22d71ef94f2f.js?body=1" for ::1 at 2015-02-20 05:39:56 -0800


Started GET "/assets/turbolinks-da8ddad9c2c5483d4c5c30c1ce325253.js?body=1" for ::1 at 2015-02-20 05:39:56 -0800


Started GET "/assets/posts-fcec5b5a277ac7c20cc9f45a209a3bcd.js?body=1" for ::1 at 2015-02-20 05:39:56 -0800


Started GET "/assets/application-5815541167887a608b815eb5cea143a1.js?body=1" for ::1 at 2015-02-20 05:39:56 -0800


Started GET "/" for ::1 at 2015-02-20 05:39:59 -0800
Processing by WelcomeController#index as HTML
  Rendered welcome/index.html.erb within layouts/application (0.7ms)
Completed 200 OK in 97ms (Views: 96.0ms | ActiveRecord: 0.0ms)


Started GET "/about" for ::1 at 2015-02-20 05:40:00 -0800
Processing by WelcomeController#about as HTML
  Rendered welcome/about.html.erb within layouts/application (0.4ms)
Completed 200 OK in 126ms (Views: 125.3ms | ActiveRecord: 0.0ms)


Started GET "/users/sign_in" for ::1 at 2015-02-20 05:40:07 -0800
Processing by Devise::SessionsController#new as HTML
  Rendered devise/shared/_links.html.erb (5.7ms)
  Rendered devise/sessions/new.html.erb within layouts/application (446.5ms)
Completed 200 OK in 527ms (Views: 512.3ms | ActiveRecord: 0.0ms)


Started POST "/users/sign_in" for ::1 at 2015-02-20 05:40:15 -0800
Processing by Devise::SessionsController#create as HTML
  Parameters: {"utf8"=>"✓", "authenticity_token"=>"WTpAlHABfpNP8yerP3UCUH7jnnhYupQY+rtBj7pa/WTyAjpzoySnawHGRsh+Wx//CKhi+7TM9aPB2IF12M3BUw==", "user"=>{"email"=>"dpauli.private@gmail.com", "password"=>"[FILTERED]", "remember_me"=>"0"}, "commit"=>"Sign in"}
  [1m[36mUser Load (0.2ms)[0m  [1mSELECT  "users".* FROM "users" WHERE "users"."email" = ?  ORDER BY "users"."id" ASC LIMIT 1[0m  [["email", "dpauli.private@gmail.com"]]
Completed 401 Unauthorized in 41ms
Processing by Devise::SessionsController#new as HTML
  Parameters: {"utf8"=>"✓", "authenticity_token"=>"WTpAlHABfpNP8yerP3UCUH7jnnhYupQY+rtBj7pa/WTyAjpzoySnawHGRsh+Wx//CKhi+7TM9aPB2IF12M3BUw==", "user"=>{"email"=>"dpauli.private@gmail.com", "password"=>"[FILTERED]", "remember_me"=>"0"}, "commit"=>"Sign in"}
  Rendered devise/shared/_links.html.erb (4.4ms)
  Rendered devise/sessions/new.html.erb within layouts/application (9.6ms)
Completed 200 OK in 130ms (Views: 69.8ms | ActiveRecord: 0.0ms)


Started GET "/assets/application-d8c96d5c1fb84bcbf8638fdf210425f3.css?body=1" for ::1 at 2015-02-20 05:40:15 -0800


Started GET "/assets/posts-64e62ddc273c2f5847f30d698ca14b67.css?body=1" for ::1 at 2015-02-20 05:40:15 -0800


Started GET "/assets/jquery-87424c3c19e96d4fb033c10ebe21ec40.js?body=1" for ::1 at 2015-02-20 05:40:15 -0800


Started GET "/assets/welcome-3ed924ff8ccea31e10904e5a81810b5a.css?body=1" for ::1 at 2015-02-20 05:40:15 -0800


Started GET "/assets/turbolinks-da8ddad9c2c5483d4c5c30c1ce325253.js?body=1" for ::1 at 2015-02-20 05:40:15 -0800


Started GET "/assets/jquery_ujs-e27bd20a10d28155845a22d71ef94f2f.js?body=1" for ::1 at 2015-02-20 05:40:15 -0800


Started GET "/assets/bootstrap-f069863cd7c15927c7faef4bba9fc907.js?body=1" for ::1 at 2015-02-20 05:40:15 -0800


Started GET "/assets/posts-fcec5b5a277ac7c20cc9f45a209a3bcd.js?body=1" for ::1 at 2015-02-20 05:40:15 -0800


Started GET "/assets/welcome-fcec5b5a277ac7c20cc9f45a209a3bcd.js?body=1" for ::1 at 2015-02-20 05:40:15 -0800


Started GET "/assets/application-5815541167887a608b815eb5cea143a1.js?body=1" for ::1 at 2015-02-20 05:40:15 -0800


Started POST "/users/sign_in" for ::1 at 2015-02-20 05:40:21 -0800
Processing by Devise::SessionsController#create as HTML
  Parameters: {"utf8"=>"✓", "authenticity_token"=>"YpGnjg+QaBnOKfXWcQXU6sO58w+rbH81E/QrhHDfVWbJqd1p3LWx4YAclLUwK8lFtfIPjEcaHo4ol+t+EkhpUQ==", "user"=>{"email"=>"dpauli.private@gmail.com", "password"=>"[FILTERED]", "remember_me"=>"0"}, "commit"=>"Sign in"}
  [1m[35mUser Load (0.1ms)[0m  SELECT  "users".* FROM "users" WHERE "users"."email" = ?  ORDER BY "users"."id" ASC LIMIT 1  [["email", "dpauli.private@gmail.com"]]
Completed 401 Unauthorized in 2ms
Processing by Devise::SessionsController#new as HTML
  Parameters: {"utf8"=>"✓", "authenticity_token"=>"YpGnjg+QaBnOKfXWcQXU6sO58w+rbH81E/QrhHDfVWbJqd1p3LWx4YAclLUwK8lFtfIPjEcaHo4ol+t+EkhpUQ==", "user"=>{"email"=>"dpauli.private@gmail.com", "password"=>"[FILTERED]", "remember_me"=>"0"}, "commit"=>"Sign in"}
  Rendered devise/shared/_links.html.erb (2.7ms)
  Rendered devise/sessions/new.html.erb within layouts/application (7.5ms)
Completed 200 OK in 124ms (Views: 66.0ms | ActiveRecord: 0.0ms)


Started GET "/assets/posts-64e62ddc273c2f5847f30d698ca14b67.css?body=1" for ::1 at 2015-02-20 05:40:21 -0800


Started GET "/assets/welcome-3ed924ff8ccea31e10904e5a81810b5a.css?body=1" for ::1 at 2015-02-20 05:40:21 -0800


Started GET "/assets/jquery-87424c3c19e96d4fb033c10ebe21ec40.js?body=1" for ::1 at 2015-02-20 05:40:21 -0800


Started GET "/assets/jquery_ujs-e27bd20a10d28155845a22d71ef94f2f.js?body=1" for ::1 at 2015-02-20 05:40:21 -0800


Started GET "/assets/application-d8c96d5c1fb84bcbf8638fdf210425f3.css?body=1" for ::1 at 2015-02-20 05:40:21 -0800


Started GET "/assets/turbolinks-da8ddad9c2c5483d4c5c30c1ce325253.js?body=1" for ::1 at 2015-02-20 05:40:21 -0800


Started GET "/assets/posts-fcec5b5a277ac7c20cc9f45a209a3bcd.js?body=1" for ::1 at 2015-02-20 05:40:21 -0800


Started GET "/assets/bootstrap-f069863cd7c15927c7faef4bba9fc907.js?body=1" for ::1 at 2015-02-20 05:40:21 -0800


Started GET "/assets/welcome-fcec5b5a277ac7c20cc9f45a209a3bcd.js?body=1" for ::1 at 2015-02-20 05:40:21 -0800


Started GET "/assets/application-5815541167887a608b815eb5cea143a1.js?body=1" for ::1 at 2015-02-20 05:40:21 -0800


Started POST "/users/sign_in" for ::1 at 2015-02-20 05:40:27 -0800
Processing by Devise::SessionsController#create as HTML
  Parameters: {"utf8"=>"✓", "authenticity_token"=>"vMn6R4TZxMvUifecVYSYVDU/01wfH9ePeuwX3gfxpqUX8YCgV/wdM5q8lv8UqoX7Q3Qv3/NptjRBj9ckZWaakg==", "user"=>{"email"=>"dpauli.private@gmail.com", "password"=>"[FILTERED]", "remember_me"=>"0"}, "commit"=>"Sign in"}
  [1m[36mUser Load (0.1ms)[0m  [1mSELECT  "users".* FROM "users" WHERE "users"."email" = ?  ORDER BY "users"."id" ASC LIMIT 1[0m  [["email", "dpauli.private@gmail.com"]]
Completed 401 Unauthorized in 2ms
Processing by Devise::SessionsController#new as HTML
  Parameters: {"utf8"=>"✓", "authenticity_token"=>"vMn6R4TZxMvUifecVYSYVDU/01wfH9ePeuwX3gfxpqUX8YCgV/wdM5q8lv8UqoX7Q3Qv3/NptjRBj9ckZWaakg==", "user"=>{"email"=>"dpauli.private@gmail.com", "password"=>"[FILTERED]", "remember_me"=>"0"}, "commit"=>"Sign in"}
  Rendered devise/shared/_links.html.erb (2.4ms)
  Rendered devise/sessions/new.html.erb within layouts/application (5.9ms)
Completed 200 OK in 125ms (Views: 66.9ms | ActiveRecord: 0.0ms)


Started GET "/assets/welcome-3ed924ff8ccea31e10904e5a81810b5a.css?body=1" for ::1 at 2015-02-20 05:40:27 -0800


Started GET "/assets/application-d8c96d5c1fb84bcbf8638fdf210425f3.css?body=1" for ::1 at 2015-02-20 05:40:27 -0800


Started GET "/assets/turbolinks-da8ddad9c2c5483d4c5c30c1ce325253.js?body=1" for ::1 at 2015-02-20 05:40:27 -0800


Started GET "/assets/jquery_ujs-e27bd20a10d28155845a22d71ef94f2f.js?body=1" for ::1 at 2015-02-20 05:40:27 -0800


Started GET "/assets/posts-64e62ddc273c2f5847f30d698ca14b67.css?body=1" for ::1 at 2015-02-20 05:40:27 -0800


Started GET "/assets/jquery-87424c3c19e96d4fb033c10ebe21ec40.js?body=1" for ::1 at 2015-02-20 05:40:27 -0800


Started GET "/assets/bootstrap-f069863cd7c15927c7faef4bba9fc907.js?body=1" for ::1 at 2015-02-20 05:40:27 -0800


Started GET "/assets/welcome-fcec5b5a277ac7c20cc9f45a209a3bcd.js?body=1" for ::1 at 2015-02-20 05:40:27 -0800


Started GET "/assets/posts-fcec5b5a277ac7c20cc9f45a209a3bcd.js?body=1" for ::1 at 2015-02-20 05:40:27 -0800


Started GET "/assets/application-5815541167887a608b815eb5cea143a1.js?body=1" for ::1 at 2015-02-20 05:40:27 -0800


Started POST "/users/sign_in" for ::1 at 2015-02-20 05:40:35 -0800
Processing by Devise::SessionsController#create as HTML
  Parameters: {"utf8"=>"✓", "authenticity_token"=>"7g7nXROYG8oa8kzqNIyKk4F3GridrVD93fBdV1wU5FNFNp26wL3CMlTHLYl1opc89zzmO3HbMUbmk52tPoPYZA==", "user"=>{"email"=>"dpauli.private@gmail.com", "password"=>"[FILTERED]", "remember_me"=>"0"}, "commit"=>"Sign in"}
  [1m[35mUser Load (0.1ms)[0m  SELECT  "users".* FROM "users" WHERE "users"."email" = ?  ORDER BY "users"."id" ASC LIMIT 1  [["email", "dpauli.private@gmail.com"]]
Completed 401 Unauthorized in 2ms
Processing by Devise::SessionsController#new as HTML
  Parameters: {"utf8"=>"✓", "authenticity_token"=>"7g7nXROYG8oa8kzqNIyKk4F3GridrVD93fBdV1wU5FNFNp26wL3CMlTHLYl1opc89zzmO3HbMUbmk52tPoPYZA==", "user"=>{"email"=>"dpauli.private@gmail.com", "password"=>"[FILTERED]", "remember_me"=>"0"}, "commit"=>"Sign in"}
  Rendered devise/shared/_links.html.erb (2.5ms)
  Rendered devise/sessions/new.html.erb within layouts/application (5.9ms)
Completed 200 OK in 162ms (Views: 102.2ms | ActiveRecord: 0.0ms)


Started GET "/assets/welcome-3ed924ff8ccea31e10904e5a81810b5a.css?body=1" for ::1 at 2015-02-20 05:40:35 -0800


Started GET "/assets/posts-64e62ddc273c2f5847f30d698ca14b67.css?body=1" for ::1 at 2015-02-20 05:40:35 -0800


Started GET "/assets/jquery_ujs-e27bd20a10d28155845a22d71ef94f2f.js?body=1" for ::1 at 2015-02-20 05:40:35 -0800


Started GET "/assets/application-d8c96d5c1fb84bcbf8638fdf210425f3.css?body=1" for ::1 at 2015-02-20 05:40:35 -0800


Started GET "/assets/jquery-87424c3c19e96d4fb033c10ebe21ec40.js?body=1" for ::1 at 2015-02-20 05:40:35 -0800


Started GET "/assets/turbolinks-da8ddad9c2c5483d4c5c30c1ce325253.js?body=1" for ::1 at 2015-02-20 05:40:35 -0800


Started GET "/assets/bootstrap-f069863cd7c15927c7faef4bba9fc907.js?body=1" for ::1 at 2015-02-20 05:40:35 -0800


Started GET "/assets/welcome-fcec5b5a277ac7c20cc9f45a209a3bcd.js?body=1" for ::1 at 2015-02-20 05:40:35 -0800


Started GET "/assets/posts-fcec5b5a277ac7c20cc9f45a209a3bcd.js?body=1" for ::1 at 2015-02-20 05:40:35 -0800


Started GET "/assets/application-5815541167887a608b815eb5cea143a1.js?body=1" for ::1 at 2015-02-20 05:40:35 -0800


Started GET "/users/password/new" for ::1 at 2015-02-20 05:40:38 -0800
Processing by Devise::PasswordsController#new as HTML
  Rendered devise/shared/_links.html.erb (4.9ms)
  Rendered devise/passwords/new.html.erb within layouts/application (9.3ms)
Completed 200 OK in 109ms (Views: 108.0ms | ActiveRecord: 0.0ms)


Started GET "/assets/welcome-3ed924ff8ccea31e10904e5a81810b5a.css?body=1" for ::1 at 2015-02-20 05:40:38 -0800


Started GET "/assets/posts-64e62ddc273c2f5847f30d698ca14b67.css?body=1" for ::1 at 2015-02-20 05:40:38 -0800


Started GET "/assets/jquery_ujs-e27bd20a10d28155845a22d71ef94f2f.js?body=1" for ::1 at 2015-02-20 05:40:38 -0800


Started GET "/assets/application-d8c96d5c1fb84bcbf8638fdf210425f3.css?body=1" for ::1 at 2015-02-20 05:40:38 -0800


Started GET "/assets/turbolinks-da8ddad9c2c5483d4c5c30c1ce325253.js?body=1" for ::1 at 2015-02-20 05:40:38 -0800


Started GET "/assets/jquery-87424c3c19e96d4fb033c10ebe21ec40.js?body=1" for ::1 at 2015-02-20 05:40:38 -0800


Started GET "/assets/bootstrap-f069863cd7c15927c7faef4bba9fc907.js?body=1" for ::1 at 2015-02-20 05:40:38 -0800


Started GET "/assets/posts-fcec5b5a277ac7c20cc9f45a209a3bcd.js?body=1" for ::1 at 2015-02-20 05:40:38 -0800


Started GET "/assets/welcome-fcec5b5a277ac7c20cc9f45a209a3bcd.js?body=1" for ::1 at 2015-02-20 05:40:38 -0800


Started GET "/assets/application-5815541167887a608b815eb5cea143a1.js?body=1" for ::1 at 2015-02-20 05:40:38 -0800


Started POST "/users/password" for ::1 at 2015-02-20 05:40:43 -0800
Processing by Devise::PasswordsController#create as HTML
  Parameters: {"utf8"=>"✓", "authenticity_token"=>"ogKWT0C8w9F7gZq2Yjc/3/BdINZgJZdfnLJLkBxmTREJOuyok5kaKTW0+9UjGSJwhhbcVYxT9uSn0YtqfvFxJg==", "user"=>{"email"=>"dpauli.private@gmail.com"}, "commit"=>"Send me reset password instructions"}
  [1m[36mUser Load (0.1ms)[0m  [1mSELECT  "users".* FROM "users" WHERE "users"."email" = ?  ORDER BY "users"."id" ASC LIMIT 1[0m  [["email", "dpauli.private@gmail.com"]]
  Rendered devise/shared/_links.html.erb (5.7ms)
  Rendered devise/passwords/new.html.erb within layouts/application (10.7ms)
Completed 200 OK in 116ms (Views: 109.5ms | ActiveRecord: 0.1ms)


Started GET "/assets/application-d8c96d5c1fb84bcbf8638fdf210425f3.css?body=1" for ::1 at 2015-02-20 05:40:43 -0800


Started GET "/assets/jquery_ujs-e27bd20a10d28155845a22d71ef94f2f.js?body=1" for ::1 at 2015-02-20 05:40:43 -0800


Started GET "/assets/welcome-3ed924ff8ccea31e10904e5a81810b5a.css?body=1" for ::1 at 2015-02-20 05:40:43 -0800


Started GET "/assets/turbolinks-da8ddad9c2c5483d4c5c30c1ce325253.js?body=1" for ::1 at 2015-02-20 05:40:43 -0800


Started GET "/assets/jquery-87424c3c19e96d4fb033c10ebe21ec40.js?body=1" for ::1 at 2015-02-20 05:40:43 -0800


Started GET "/assets/posts-64e62ddc273c2f5847f30d698ca14b67.css?body=1" for ::1 at 2015-02-20 05:40:43 -0800


Started GET "/assets/posts-fcec5b5a277ac7c20cc9f45a209a3bcd.js?body=1" for ::1 at 2015-02-20 05:40:43 -0800


Started GET "/assets/bootstrap-f069863cd7c15927c7faef4bba9fc907.js?body=1" for ::1 at 2015-02-20 05:40:43 -0800


Started GET "/assets/application-5815541167887a608b815eb5cea143a1.js?body=1" for ::1 at 2015-02-20 05:40:43 -0800


Started GET "/assets/welcome-fcec5b5a277ac7c20cc9f45a209a3bcd.js?body=1" for ::1 at 2015-02-20 05:40:43 -0800


Started GET "/users/sign_in" for ::1 at 2015-02-20 05:41:07 -0800
Processing by Devise::SessionsController#new as HTML
  Rendered devise/shared/_links.html.erb (2.7ms)
  Rendered devise/sessions/new.html.erb within layouts/application (6.1ms)
Completed 200 OK in 107ms (Views: 105.9ms | ActiveRecord: 0.0ms)


Started GET "/assets/posts-64e62ddc273c2f5847f30d698ca14b67.css?body=1" for ::1 at 2015-02-20 05:41:07 -0800


Started GET "/assets/welcome-3ed924ff8ccea31e10904e5a81810b5a.css?body=1" for ::1 at 2015-02-20 05:41:07 -0800


Started GET "/assets/jquery_ujs-e27bd20a10d28155845a22d71ef94f2f.js?body=1" for ::1 at 2015-02-20 05:41:07 -0800


Started GET "/assets/application-d8c96d5c1fb84bcbf8638fdf210425f3.css?body=1" for ::1 at 2015-02-20 05:41:07 -0800


Started GET "/assets/turbolinks-da8ddad9c2c5483d4c5c30c1ce325253.js?body=1" for ::1 at 2015-02-20 05:41:07 -0800


Started GET "/assets/jquery-87424c3c19e96d4fb033c10ebe21ec40.js?body=1" for ::1 at 2015-02-20 05:41:07 -0800


Started GET "/assets/bootstrap-f069863cd7c15927c7faef4bba9fc907.js?body=1" for ::1 at 2015-02-20 05:41:07 -0800


Started GET "/assets/posts-fcec5b5a277ac7c20cc9f45a209a3bcd.js?body=1" for ::1 at 2015-02-20 05:41:07 -0800


Started GET "/assets/welcome-fcec5b5a277ac7c20cc9f45a209a3bcd.js?body=1" for ::1 at 2015-02-20 05:41:07 -0800


Started GET "/assets/application-5815541167887a608b815eb5cea143a1.js?body=1" for ::1 at 2015-02-20 05:41:07 -0800


Started POST "/users/sign_in" for ::1 at 2015-02-20 05:41:24 -0800
Processing by Devise::SessionsController#create as HTML
  Parameters: {"utf8"=>"✓", "authenticity_token"=>"0NJjt3IigqFKH7COps/T3uPhnj+/szwVG46Y/JLxQZl76hlQoQdbWQQq0e3n4c5xlapivFPFXa4g7VgG8GZ9rg==", "user"=>{"email"=>"dpauli@insutu.com", "password"=>"[FILTERED]", "remember_me"=>"0"}, "commit"=>"Sign in"}
  [1m[35mUser Load (0.1ms)[0m  SELECT  "users".* FROM "users" WHERE "users"."email" = ?  ORDER BY "users"."id" ASC LIMIT 1  [["email", "dpauli@insutu.com"]]
Completed 401 Unauthorized in 2ms
Processing by Devise::SessionsController#new as HTML
  Parameters: {"utf8"=>"✓", "authenticity_token"=>"0NJjt3IigqFKH7COps/T3uPhnj+/szwVG46Y/JLxQZl76hlQoQdbWQQq0e3n4c5xlapivFPFXa4g7VgG8GZ9rg==", "user"=>{"email"=>"dpauli@insutu.com", "password"=>"[FILTERED]", "remember_me"=>"0"}, "commit"=>"Sign in"}
  Rendered devise/shared/_links.html.erb (2.4ms)
  Rendered devise/sessions/new.html.erb within layouts/application (6.0ms)
Completed 200 OK in 161ms (Views: 102.2ms | ActiveRecord: 0.0ms)


Started GET "/assets/welcome-3ed924ff8ccea31e10904e5a81810b5a.css?body=1" for ::1 at 2015-02-20 05:41:24 -0800


Started GET "/assets/application-d8c96d5c1fb84bcbf8638fdf210425f3.css?body=1" for ::1 at 2015-02-20 05:41:24 -0800


Started GET "/assets/posts-64e62ddc273c2f5847f30d698ca14b67.css?body=1" for ::1 at 2015-02-20 05:41:24 -0800


Started GET "/assets/turbolinks-da8ddad9c2c5483d4c5c30c1ce325253.js?body=1" for ::1 at 2015-02-20 05:41:24 -0800


Started GET "/assets/jquery_ujs-e27bd20a10d28155845a22d71ef94f2f.js?body=1" for ::1 at 2015-02-20 05:41:24 -0800


Started GET "/assets/jquery-87424c3c19e96d4fb033c10ebe21ec40.js?body=1" for ::1 at 2015-02-20 05:41:24 -0800


Started GET "/assets/bootstrap-f069863cd7c15927c7faef4bba9fc907.js?body=1" for ::1 at 2015-02-20 05:41:24 -0800


Started GET "/assets/posts-fcec5b5a277ac7c20cc9f45a209a3bcd.js?body=1" for ::1 at 2015-02-20 05:41:24 -0800


Started GET "/assets/welcome-fcec5b5a277ac7c20cc9f45a209a3bcd.js?body=1" for ::1 at 2015-02-20 05:41:24 -0800


Started GET "/assets/application-5815541167887a608b815eb5cea143a1.js?body=1" for ::1 at 2015-02-20 05:41:24 -0800


Started GET "/users/sign_up" for ::1 at 2015-02-20 05:41:46 -0800
Processing by Devise::RegistrationsController#new as HTML
  Rendered devise/shared/_links.html.erb (3.3ms)
  Rendered devise/registrations/new.html.erb within layouts/application (10.5ms)
Completed 200 OK in 114ms (Views: 112.5ms | ActiveRecord: 0.0ms)


Started GET "/assets/posts-64e62ddc273c2f5847f30d698ca14b67.css?body=1" for ::1 at 2015-02-20 05:41:46 -0800


Started GET "/assets/application-d8c96d5c1fb84bcbf8638fdf210425f3.css?body=1" for ::1 at 2015-02-20 05:41:46 -0800


Started GET "/assets/jquery-87424c3c19e96d4fb033c10ebe21ec40.js?body=1" for ::1 at 2015-02-20 05:41:46 -0800


Started GET "/assets/turbolinks-da8ddad9c2c5483d4c5c30c1ce325253.js?body=1" for ::1 at 2015-02-20 05:41:46 -0800


Started GET "/assets/welcome-3ed924ff8ccea31e10904e5a81810b5a.css?body=1" for ::1 at 2015-02-20 05:41:46 -0800


Started GET "/assets/jquery_ujs-e27bd20a10d28155845a22d71ef94f2f.js?body=1" for ::1 at 2015-02-20 05:41:46 -0800


Started GET "/assets/bootstrap-f069863cd7c15927c7faef4bba9fc907.js?body=1" for ::1 at 2015-02-20 05:41:46 -0800


Started GET "/assets/posts-fcec5b5a277ac7c20cc9f45a209a3bcd.js?body=1" for ::1 at 2015-02-20 05:41:46 -0800


Started GET "/assets/welcome-fcec5b5a277ac7c20cc9f45a209a3bcd.js?body=1" for ::1 at 2015-02-20 05:41:46 -0800


Started GET "/assets/application-5815541167887a608b815eb5cea143a1.js?body=1" for ::1 at 2015-02-20 05:41:46 -0800


Started POST "/users" for ::1 at 2015-02-20 05:41:59 -0800
Processing by Devise::RegistrationsController#create as HTML
  Parameters: {"utf8"=>"✓", "authenticity_token"=>"nfmf3/4GDV+r6NMkd5bpExt7OCBX9Hddweprm+igMME2weU4LSPUp+Xdskc2uPS8bTDEo7uCFub6iathijcM9g==", "user"=>{"name"=>"David Pauli", "email"=>"dpauli.private@gmail.com", "password"=>"[FILTERED]", "password_confirmation"=>"[FILTERED]"}, "commit"=>"Sign up"}
  [1m[36m (0.1ms)[0m  [1mbegin transaction[0m
  [1m[35mUser Exists (0.1ms)[0m  SELECT  1 AS one FROM "users" WHERE "users"."email" = 'dpauli.private@gmail.com' LIMIT 1
  [1m[36mUser Load (0.1ms)[0m  [1mSELECT  "users".* FROM "users" WHERE "users"."confirmation_token" = ?  ORDER BY "users"."id" ASC LIMIT 1[0m  [["confirmation_token", "6995c43ba3150f75e9328d862a36979da72691e29830d4b2c750250ecff1dab1"]]
  [1m[35mSQL (0.4ms)[0m  INSERT INTO "users" ("email", "encrypted_password", "name", "created_at", "updated_at", "confirmation_token", "confirmation_sent_at") VALUES (?, ?, ?, ?, ?, ?, ?)  [["email", "dpauli.private@gmail.com"], ["encrypted_password", "$2a$10$SvTt2zlj6SzpNxBaRBItk.tnDyAvJaG1m/szmrGvCREjBv5.LENRq"], ["name", "David Pauli"], ["created_at", "2015-02-20 13:41:59.900004"], ["updated_at", "2015-02-20 13:41:59.900004"], ["confirmation_token", "6995c43ba3150f75e9328d862a36979da72691e29830d4b2c750250ecff1dab1"], ["confirmation_sent_at", "2015-02-20 13:42:00.352013"]]
  Rendered devise/mailer/confirmation_instructions.html.erb (2.4ms)

Devise::Mailer#confirmation_instructions: processed outbound mail in 146.2ms

Sent mail to dpauli.private@gmail.com (417.9ms)
Date: Fri, 20 Feb 2015 05:42:00 -0800
From: please-change-me-at-config-initializers-devise@example.com
Reply-To: please-change-me-at-config-initializers-devise@example.com
To: dpauli.private@gmail.com
Message-ID: <54e739a88ef73_5df53ff565db887496e9@Davids-iMac.local.mail>
Subject: Confirmation instructions
Mime-Version: 1.0
Content-Type: text/html;
 charset=UTF-8
Content-Transfer-Encoding: 7bit

<p>Welcome dpauli.private@gmail.com!</p>

<p>You can confirm your account email through the link below:</p>

<p><a href="http://localhost:3000/users/confirmation?confirmation_token=gzL17wHje5XdST9bimDz">Confirm my account</a></p>

  [1m[36m (1.1ms)[0m  [1mrollback transaction[0m
Completed 500 Internal Server Error in 1145ms

Net::SMTPFatalError (550 Cannot receive from specified address <please-change-me-at-config-initializers-devise@example.com>: Unauthenticated senders not allowed
):
  /System/Library/Frameworks/Ruby.framework/Versions/2.0/usr/lib/ruby/2.0.0/net/smtp.rb:951:in `check_response'
  /System/Library/Frameworks/Ruby.framework/Versions/2.0/usr/lib/ruby/2.0.0/net/smtp.rb:920:in `getok'
  /System/Library/Frameworks/Ruby.framework/Versions/2.0/usr/lib/ruby/2.0.0/net/smtp.rb:835:in `mailfrom'
  /System/Library/Frameworks/Ruby.framework/Versions/2.0/usr/lib/ruby/2.0.0/net/smtp.rb:662:in `send_message'
  mail (2.6.3) lib/mail/network/delivery_methods/smtp.rb:113:in `block in deliver!'
  /System/Library/Frameworks/Ruby.framework/Versions/2.0/usr/lib/ruby/2.0.0/net/smtp.rb:521:in `start'
  mail (2.6.3) lib/mail/network/delivery_methods/smtp.rb:112:in `deliver!'
  mail (2.6.3) lib/mail/message.rb:2141:in `do_delivery'
  mail (2.6.3) lib/mail/message.rb:236:in `block in deliver'
  actionmailer (4.2.0) lib/action_mailer/base.rb:543:in `block in deliver_mail'
  activesupport (4.2.0) lib/active_support/notifications.rb:164:in `block in instrument'
  activesupport (4.2.0) lib/active_support/notifications/instrumenter.rb:20:in `instrument'
  activesupport (4.2.0) lib/active_support/notifications.rb:164:in `instrument'
  actionmailer (4.2.0) lib/action_mailer/base.rb:541:in `deliver_mail'
  mail (2.6.3) lib/mail/message.rb:236:in `deliver'
  actionmailer (4.2.0) lib/action_mailer/message_delivery.rb:85:in `deliver_now'
  devise (3.4.1) lib/devise/models/authenticatable.rb:176:in `send_devise_notification'
  devise (3.4.1) lib/devise/models/confirmable.rb:102:in `send_confirmation_instructions'
  devise (3.4.1) lib/devise/models/confirmable.rb:158:in `send_on_create_confirmation_instructions'
  activesupport (4.2.0) lib/active_support/callbacks.rb:427:in `block in make_lambda'
  activesupport (4.2.0) lib/active_support/callbacks.rb:225:in `call'
  activesupport (4.2.0) lib/active_support/callbacks.rb:225:in `block in halting_and_conditional'
  activesupport (4.2.0) lib/active_support/callbacks.rb:219:in `call'
  activesupport (4.2.0) lib/active_support/callbacks.rb:219:in `block in halting_and_conditional'
  activesupport (4.2.0) lib/active_support/callbacks.rb:92:in `call'
  activesupport (4.2.0) lib/active_support/callbacks.rb:92:in `_run_callbacks'
  activesupport (4.2.0) lib/active_support/callbacks.rb:734:in `_run_create_callbacks'
  activerecord (4.2.0) lib/active_record/callbacks.rb:306:in `_create_record'
  activerecord (4.2.0) lib/active_record/timestamp.rb:57:in `_create_record'
  activerecord (4.2.0) lib/active_record/persistence.rb:501:in `create_or_update'
  activerecord (4.2.0) lib/active_record/callbacks.rb:302:in `block in create_or_update'
  activesupport (4.2.0) lib/active_support/callbacks.rb:117:in `call'
  activesupport (4.2.0) lib/active_support/callbacks.rb:117:in `call'
  activesupport (4.2.0) lib/active_support/callbacks.rb:169:in `block in halting'
  activesupport (4.2.0) lib/active_support/callbacks.rb:92:in `call'
  activesupport (4.2.0) lib/active_support/callbacks.rb:92:in `_run_callbacks'
  activesupport (4.2.0) lib/active_support/callbacks.rb:734:in `_run_save_callbacks'
  activerecord (4.2.0) lib/active_record/callbacks.rb:302:in `create_or_update'
  activerecord (4.2.0) lib/active_record/persistence.rb:120:in `save'
  activerecord (4.2.0) lib/active_record/validations.rb:37:in `save'
  activerecord (4.2.0) lib/active_record/attribute_methods/dirty.rb:21:in `save'
  activerecord (4.2.0) lib/active_record/transactions.rb:286:in `block (2 levels) in save'
  activerecord (4.2.0) lib/active_record/transactions.rb:347:in `block in with_transaction_returning_status'
  activerecord (4.2.0) lib/active_record/connection_adapters/abstract/database_statements.rb:213:in `block in transaction'
  activerecord (4.2.0) lib/active_record/connection_adapters/abstract/transaction.rb:188:in `within_new_transaction'
  activerecord (4.2.0) lib/active_record/connection_adapters/abstract/database_statements.rb:213:in `transaction'
  activerecord (4.2.0) lib/active_record/transactions.rb:220:in `transaction'
  activerecord (4.2.0) lib/active_record/transactions.rb:344:in `with_transaction_returning_status'
  activerecord (4.2.0) lib/active_record/transactions.rb:286:in `block in save'
  activerecord (4.2.0) lib/active_record/transactions.rb:301:in `rollback_active_record_state!'
  activerecord (4.2.0) lib/active_record/transactions.rb:285:in `save'
  devise (3.4.1) app/controllers/devise/registrations_controller.rb:19:in `create'
  actionpack (4.2.0) lib/action_controller/metal/implicit_render.rb:4:in `send_action'
  actionpack (4.2.0) lib/abstract_controller/base.rb:198:in `process_action'
  actionpack (4.2.0) lib/action_controller/metal/rendering.rb:10:in `process_action'
  actionpack (4.2.0) lib/abstract_controller/callbacks.rb:20:in `block in process_action'
  activesupport (4.2.0) lib/active_support/callbacks.rb:117:in `call'
  activesupport (4.2.0) lib/active_support/callbacks.rb:117:in `call'
  activesupport (4.2.0) lib/active_support/callbacks.rb:151:in `block in halting_and_conditional'
  activesupport (4.2.0) lib/active_support/callbacks.rb:234:in `call'
  activesupport (4.2.0) lib/active_support/callbacks.rb:234:in `block in halting'
  activesupport (4.2.0) lib/active_support/callbacks.rb:234:in `call'
  activesupport (4.2.0) lib/active_support/callbacks.rb:234:in `block in halting'
  activesupport (4.2.0) lib/active_support/callbacks.rb:169:in `call'
  activesupport (4.2.0) lib/active_support/callbacks.rb:169:in `block in halting'
  activesupport (4.2.0) lib/active_support/callbacks.rb:169:in `call'
  activesupport (4.2.0) lib/active_support/callbacks.rb:169:in `block in halting'
  activesupport (4.2.0) lib/active_support/callbacks.rb:234:in `call'
  activesupport (4.2.0) lib/active_support/callbacks.rb:234:in `block in halting'
  activesupport (4.2.0) lib/active_support/callbacks.rb:169:in `call'
  activesupport (4.2.0) lib/active_support/callbacks.rb:169:in `block in halting'
  activesupport (4.2.0) lib/active_support/callbacks.rb:169:in `call'
  activesupport (4.2.0) lib/active_support/callbacks.rb:169:in `block in halting'
  activesupport (4.2.0) lib/active_support/callbacks.rb:151:in `call'
  activesupport (4.2.0) lib/active_support/callbacks.rb:151:in `block in halting_and_conditional'
  activesupport (4.2.0) lib/active_support/callbacks.rb:151:in `call'
  activesupport (4.2.0) lib/active_support/callbacks.rb:151:in `block in halting_and_conditional'
  activesupport (4.2.0) lib/active_support/callbacks.rb:92:in `call'
  activesupport (4.2.0) lib/active_support/callbacks.rb:92:in `_run_callbacks'
  activesupport (4.2.0) lib/active_support/callbacks.rb:734:in `_run_process_action_callbacks'
  activesupport (4.2.0) lib/active_support/callbacks.rb:81:in `run_callbacks'
  actionpack (4.2.0) lib/abstract_controller/callbacks.rb:19:in `process_action'
  actionpack (4.2.0) lib/action_controller/metal/rescue.rb:29:in `process_action'
  actionpack (4.2.0) lib/action_controller/metal/instrumentation.rb:31:in `block in process_action'
  activesupport (4.2.0) lib/active_support/notifications.rb:164:in `block in instrument'
  activesupport (4.2.0) lib/active_support/notifications/instrumenter.rb:20:in `instrument'
  activesupport (4.2.0) lib/active_support/notifications.rb:164:in `instrument'
  actionpack (4.2.0) lib/action_controller/metal/instrumentation.rb:30:in `process_action'
  actionpack (4.2.0) lib/action_controller/metal/params_wrapper.rb:250:in `process_action'
  activerecord (4.2.0) lib/active_record/railties/controller_runtime.rb:18:in `process_action'
  actionpack (4.2.0) lib/abstract_controller/base.rb:137:in `process'
  actionview (4.2.0) lib/action_view/rendering.rb:30:in `process'
  actionpack (4.2.0) lib/action_controller/metal.rb:195:in `dispatch'
  actionpack (4.2.0) lib/action_controller/metal/rack_delegation.rb:13:in `dispatch'
  actionpack (4.2.0) lib/action_controller/metal.rb:236:in `block in action'
  actionpack (4.2.0) lib/action_dispatch/routing/route_set.rb:73:in `call'
  actionpack (4.2.0) lib/action_dispatch/routing/route_set.rb:73:in `dispatch'
  actionpack (4.2.0) lib/action_dispatch/routing/route_set.rb:42:in `serve'
  actionpack (4.2.0) lib/action_dispatch/routing/mapper.rb:49:in `serve'
  actionpack (4.2.0) lib/action_dispatch/journey/router.rb:43:in `block in serve'
  actionpack (4.2.0) lib/action_dispatch/journey/router.rb:30:in `each'
  actionpack (4.2.0) lib/action_dispatch/journey/router.rb:30:in `serve'
  actionpack (4.2.0) lib/action_dispatch/routing/route_set.rb:802:in `call'
  warden (1.2.3) lib/warden/manager.rb:35:in `block in call'
  warden (1.2.3) lib/warden/manager.rb:34:in `catch'
  warden (1.2.3) lib/warden/manager.rb:34:in `call'
  rack (1.6.0) lib/rack/etag.rb:24:in `call'
  rack (1.6.0) lib/rack/conditionalget.rb:38:in `call'
  rack (1.6.0) lib/rack/head.rb:13:in `call'
  actionpack (4.2.0) lib/action_dispatch/middleware/params_parser.rb:27:in `call'
  actionpack (4.2.0) lib/action_dispatch/middleware/flash.rb:260:in `call'
  rack (1.6.0) lib/rack/session/abstract/id.rb:225:in `context'
  rack (1.6.0) lib/rack/session/abstract/id.rb:220:in `call'
  actionpack (4.2.0) lib/action_dispatch/middleware/cookies.rb:560:in `call'
  activerecord (4.2.0) lib/active_record/query_cache.rb:36:in `call'
  activerecord (4.2.0) lib/active_record/connection_adapters/abstract/connection_pool.rb:647:in `call'
  activerecord (4.2.0) lib/active_record/migration.rb:378:in `call'
  actionpack (4.2.0) lib/action_dispatch/middleware/callbacks.rb:29:in `block in call'
  activesupport (4.2.0) lib/active_support/callbacks.rb:88:in `call'
  activesupport (4.2.0) lib/active_support/callbacks.rb:88:in `_run_callbacks'
  activesupport (4.2.0) lib/active_support/callbacks.rb:734:in `_run_call_callbacks'
  activesupport (4.2.0) lib/active_support/callbacks.rb:81:in `run_callbacks'
  actionpack (4.2.0) lib/action_dispatch/middleware/callbacks.rb:27:in `call'
  actionpack (4.2.0) lib/action_dispatch/middleware/reloader.rb:73:in `call'
  actionpack (4.2.0) lib/action_dispatch/middleware/remote_ip.rb:78:in `call'
  web-console (2.0.0) lib/action_dispatch/debug_exceptions.rb:18:in `middleware_call'
  web-console (2.0.0) lib/action_dispatch/debug_exceptions.rb:13:in `call'
  actionpack (4.2.0) lib/action_dispatch/middleware/show_exceptions.rb:30:in `call'
  railties (4.2.0) lib/rails/rack/logger.rb:38:in `call_app'
  railties (4.2.0) lib/rails/rack/logger.rb:20:in `block in call'
  activesupport (4.2.0) lib/active_support/tagged_logging.rb:68:in `block in tagged'
  activesupport (4.2.0) lib/active_support/tagged_logging.rb:26:in `tagged'
  activesupport (4.2.0) lib/active_support/tagged_logging.rb:68:in `tagged'
  railties (4.2.0) lib/rails/rack/logger.rb:20:in `call'
  actionpack (4.2.0) lib/action_dispatch/middleware/request_id.rb:21:in `call'
  rack (1.6.0) lib/rack/methodoverride.rb:22:in `call'
  rack (1.6.0) lib/rack/runtime.rb:18:in `call'
  activesupport (4.2.0) lib/active_support/cache/strategy/local_cache_middleware.rb:28:in `call'
  rack (1.6.0) lib/rack/lock.rb:17:in `call'
  actionpack (4.2.0) lib/action_dispatch/middleware/static.rb:113:in `call'
  rack (1.6.0) lib/rack/sendfile.rb:113:in `call'
  railties (4.2.0) lib/rails/engine.rb:518:in `call'
  railties (4.2.0) lib/rails/application.rb:164:in `call'
  rack (1.6.0) lib/rack/lock.rb:17:in `call'
  rack (1.6.0) lib/rack/content_length.rb:15:in `call'
  rack (1.6.0) lib/rack/handler/webrick.rb:89:in `service'
  /System/Library/Frameworks/Ruby.framework/Versions/2.0/usr/lib/ruby/2.0.0/webrick/httpserver.rb:138:in `service'
  /System/Library/Frameworks/Ruby.framework/Versions/2.0/usr/lib/ruby/2.0.0/webrick/httpserver.rb:94:in `run'
  /System/Library/Frameworks/Ruby.framework/Versions/2.0/usr/lib/ruby/2.0.0/webrick/server.rb:295:in `block in start_thread'


  Rendered /Library/Ruby/Gems/2.0.0/gems/web-console-2.0.0/lib/action_dispatch/templates/rescues/_source.erb (48.4ms)
  Rendered /Library/Ruby/Gems/2.0.0/gems/web-console-2.0.0/lib/action_dispatch/templates/rescues/_trace.html.erb (3.1ms)
  Rendered /Library/Ruby/Gems/2.0.0/gems/web-console-2.0.0/lib/action_dispatch/templates/rescues/_request_and_response.html.erb (1.1ms)
  Rendered /Library/Ruby/Gems/2.0.0/gems/web-console-2.0.0/lib/action_dispatch/templates/rescues/_web_console.html.erb (0.8ms)
  Rendered /Library/Ruby/Gems/2.0.0/gems/web-console-2.0.0/lib/action_dispatch/templates/rescues/diagnostics.html.erb within rescues/layout (65.2ms)


Started POST "/users" for ::1 at 2015-02-20 05:43:26 -0800
Processing by Devise::RegistrationsController#create as HTML
  Parameters: {"utf8"=>"✓", "authenticity_token"=>"nfmf3/4GDV+r6NMkd5bpExt7OCBX9Hddweprm+igMME2weU4LSPUp+Xdskc2uPS8bTDEo7uCFub6iathijcM9g==", "user"=>{"name"=>"David Pauli", "email"=>"davidlpauli@gmail.com", "password"=>"[FILTERED]", "password_confirmation"=>"[FILTERED]"}, "commit"=>"Sign up"}
  [1m[35m (0.1ms)[0m  begin transaction
  [1m[36mUser Exists (0.1ms)[0m  [1mSELECT  1 AS one FROM "users" WHERE "users"."email" = 'davidlpauli@gmail.com' LIMIT 1[0m
  [1m[35mUser Load (0.0ms)[0m  SELECT  "users".* FROM "users" WHERE "users"."confirmation_token" = ?  ORDER BY "users"."id" ASC LIMIT 1  [["confirmation_token", "69cf0b6c26ac84072611d02031482aa93bce5b1b995078b5fda06e2ae1e80984"]]
  [1m[36mSQL (0.3ms)[0m  [1mINSERT INTO "users" ("email", "encrypted_password", "name", "created_at", "updated_at", "confirmation_token", "confirmation_sent_at") VALUES (?, ?, ?, ?, ?, ?, ?)[0m  [["email", "davidlpauli@gmail.com"], ["encrypted_password", "$2a$10$N0hLF6NctvUbaShaHk4wG.V0bx8gcJiTt4BPMn1QeREFtnsaW.kya"], ["name", "David Pauli"], ["created_at", "2015-02-20 13:43:26.833797"], ["updated_at", "2015-02-20 13:43:26.833797"], ["confirmation_token", "69cf0b6c26ac84072611d02031482aa93bce5b1b995078b5fda06e2ae1e80984"], ["confirmation_sent_at", "2015-02-20 13:43:26.834725"]]
  Rendered devise/mailer/confirmation_instructions.html.erb (1.5ms)

Devise::Mailer#confirmation_instructions: processed outbound mail in 7.0ms

Sent mail to davidlpauli@gmail.com (209.4ms)
Date: Fri, 20 Feb 2015 05:43:26 -0800
From: please-change-me-at-config-initializers-devise@example.com
Reply-To: please-change-me-at-config-initializers-devise@example.com
To: davidlpauli@gmail.com
Message-ID: <54e739fece2f9_5df53ff5663112e4973f@Davids-iMac.local.mail>
Subject: Confirmation instructions
Mime-Version: 1.0
Content-Type: text/html;
 charset=UTF-8
Content-Transfer-Encoding: 7bit

<p>Welcome davidlpauli@gmail.com!</p>

<p>You can confirm your account email through the link below:</p>

<p><a href="http://localhost:3000/users/confirmation?confirmation_token=gWPUcysiQqvge7_jCuBG">Confirm my account</a></p>

  [1m[35m (1.8ms)[0m  rollback transaction
Completed 500 Internal Server Error in 290ms

Net::SMTPFatalError (550 Cannot receive from specified address <please-change-me-at-config-initializers-devise@example.com>: Unauthenticated senders not allowed
):
  /System/Library/Frameworks/Ruby.framework/Versions/2.0/usr/lib/ruby/2.0.0/net/smtp.rb:951:in `check_response'
  /System/Library/Frameworks/Ruby.framework/Versions/2.0/usr/lib/ruby/2.0.0/net/smtp.rb:920:in `getok'
  /System/Library/Frameworks/Ruby.framework/Versions/2.0/usr/lib/ruby/2.0.0/net/smtp.rb:835:in `mailfrom'
  /System/Library/Frameworks/Ruby.framework/Versions/2.0/usr/lib/ruby/2.0.0/net/smtp.rb:662:in `send_message'
  mail (2.6.3) lib/mail/network/delivery_methods/smtp.rb:113:in `block in deliver!'
  /System/Library/Frameworks/Ruby.framework/Versions/2.0/usr/lib/ruby/2.0.0/net/smtp.rb:521:in `start'
  mail (2.6.3) lib/mail/network/delivery_methods/smtp.rb:112:in `deliver!'
  mail (2.6.3) lib/mail/message.rb:2141:in `do_delivery'
  mail (2.6.3) lib/mail/message.rb:236:in `block in deliver'
  actionmailer (4.2.0) lib/action_mailer/base.rb:543:in `block in deliver_mail'
  activesupport (4.2.0) lib/active_support/notifications.rb:164:in `block in instrument'
  activesupport (4.2.0) lib/active_support/notifications/instrumenter.rb:20:in `instrument'
  activesupport (4.2.0) lib/active_support/notifications.rb:164:in `instrument'
  actionmailer (4.2.0) lib/action_mailer/base.rb:541:in `deliver_mail'
  mail (2.6.3) lib/mail/message.rb:236:in `deliver'
  actionmailer (4.2.0) lib/action_mailer/message_delivery.rb:85:in `deliver_now'
  devise (3.4.1) lib/devise/models/authenticatable.rb:176:in `send_devise_notification'
  devise (3.4.1) lib/devise/models/confirmable.rb:102:in `send_confirmation_instructions'
  devise (3.4.1) lib/devise/models/confirmable.rb:158:in `send_on_create_confirmation_instructions'
  activesupport (4.2.0) lib/active_support/callbacks.rb:427:in `block in make_lambda'
  activesupport (4.2.0) lib/active_support/callbacks.rb:225:in `call'
  activesupport (4.2.0) lib/active_support/callbacks.rb:225:in `block in halting_and_conditional'
  activesupport (4.2.0) lib/active_support/callbacks.rb:219:in `call'
  activesupport (4.2.0) lib/active_support/callbacks.rb:219:in `block in halting_and_conditional'
  activesupport (4.2.0) lib/active_support/callbacks.rb:92:in `call'
  activesupport (4.2.0) lib/active_support/callbacks.rb:92:in `_run_callbacks'
  activesupport (4.2.0) lib/active_support/callbacks.rb:734:in `_run_create_callbacks'
  activerecord (4.2.0) lib/active_record/callbacks.rb:306:in `_create_record'
  activerecord (4.2.0) lib/active_record/timestamp.rb:57:in `_create_record'
  activerecord (4.2.0) lib/active_record/persistence.rb:501:in `create_or_update'
  activerecord (4.2.0) lib/active_record/callbacks.rb:302:in `block in create_or_update'
  activesupport (4.2.0) lib/active_support/callbacks.rb:117:in `call'
  activesupport (4.2.0) lib/active_support/callbacks.rb:117:in `call'
  activesupport (4.2.0) lib/active_support/callbacks.rb:169:in `block in halting'
  activesupport (4.2.0) lib/active_support/callbacks.rb:92:in `call'
  activesupport (4.2.0) lib/active_support/callbacks.rb:92:in `_run_callbacks'
  activesupport (4.2.0) lib/active_support/callbacks.rb:734:in `_run_save_callbacks'
  activerecord (4.2.0) lib/active_record/callbacks.rb:302:in `create_or_update'
  activerecord (4.2.0) lib/active_record/persistence.rb:120:in `save'
  activerecord (4.2.0) lib/active_record/validations.rb:37:in `save'
  activerecord (4.2.0) lib/active_record/attribute_methods/dirty.rb:21:in `save'
  activerecord (4.2.0) lib/active_record/transactions.rb:286:in `block (2 levels) in save'
  activerecord (4.2.0) lib/active_record/transactions.rb:347:in `block in with_transaction_returning_status'
  activerecord (4.2.0) lib/active_record/connection_adapters/abstract/database_statements.rb:213:in `block in transaction'
  activerecord (4.2.0) lib/active_record/connection_adapters/abstract/transaction.rb:188:in `within_new_transaction'
  activerecord (4.2.0) lib/active_record/connection_adapters/abstract/database_statements.rb:213:in `transaction'
  activerecord (4.2.0) lib/active_record/transactions.rb:220:in `transaction'
  activerecord (4.2.0) lib/active_record/transactions.rb:344:in `with_transaction_returning_status'
  activerecord (4.2.0) lib/active_record/transactions.rb:286:in `block in save'
  activerecord (4.2.0) lib/active_record/transactions.rb:301:in `rollback_active_record_state!'
  activerecord (4.2.0) lib/active_record/transactions.rb:285:in `save'
  devise (3.4.1) app/controllers/devise/registrations_controller.rb:19:in `create'
  actionpack (4.2.0) lib/action_controller/metal/implicit_render.rb:4:in `send_action'
  actionpack (4.2.0) lib/abstract_controller/base.rb:198:in `process_action'
  actionpack (4.2.0) lib/action_controller/metal/rendering.rb:10:in `process_action'
  actionpack (4.2.0) lib/abstract_controller/callbacks.rb:20:in `block in process_action'
  activesupport (4.2.0) lib/active_support/callbacks.rb:117:in `call'
  activesupport (4.2.0) lib/active_support/callbacks.rb:117:in `call'
  activesupport (4.2.0) lib/active_support/callbacks.rb:151:in `block in halting_and_conditional'
  activesupport (4.2.0) lib/active_support/callbacks.rb:234:in `call'
  activesupport (4.2.0) lib/active_support/callbacks.rb:234:in `block in halting'
  activesupport (4.2.0) lib/active_support/callbacks.rb:234:in `call'
  activesupport (4.2.0) lib/active_support/callbacks.rb:234:in `block in halting'
  activesupport (4.2.0) lib/active_support/callbacks.rb:169:in `call'
  activesupport (4.2.0) lib/active_support/callbacks.rb:169:in `block in halting'
  activesupport (4.2.0) lib/active_support/callbacks.rb:169:in `call'
  activesupport (4.2.0) lib/active_support/callbacks.rb:169:in `block in halting'
  activesupport (4.2.0) lib/active_support/callbacks.rb:234:in `call'
  activesupport (4.2.0) lib/active_support/callbacks.rb:234:in `block in halting'
  activesupport (4.2.0) lib/active_support/callbacks.rb:169:in `call'
  activesupport (4.2.0) lib/active_support/callbacks.rb:169:in `block in halting'
  activesupport (4.2.0) lib/active_support/callbacks.rb:169:in `call'
  activesupport (4.2.0) lib/active_support/callbacks.rb:169:in `block in halting'
  activesupport (4.2.0) lib/active_support/callbacks.rb:151:in `call'
  activesupport (4.2.0) lib/active_support/callbacks.rb:151:in `block in halting_and_conditional'
  activesupport (4.2.0) lib/active_support/callbacks.rb:151:in `call'
  activesupport (4.2.0) lib/active_support/callbacks.rb:151:in `block in halting_and_conditional'
  activesupport (4.2.0) lib/active_support/callbacks.rb:92:in `call'
  activesupport (4.2.0) lib/active_support/callbacks.rb:92:in `_run_callbacks'
  activesupport (4.2.0) lib/active_support/callbacks.rb:734:in `_run_process_action_callbacks'
  activesupport (4.2.0) lib/active_support/callbacks.rb:81:in `run_callbacks'
  actionpack (4.2.0) lib/abstract_controller/callbacks.rb:19:in `process_action'
  actionpack (4.2.0) lib/action_controller/metal/rescue.rb:29:in `process_action'
  actionpack (4.2.0) lib/action_controller/metal/instrumentation.rb:31:in `block in process_action'
  activesupport (4.2.0) lib/active_support/notifications.rb:164:in `block in instrument'
  activesupport (4.2.0) lib/active_support/notifications/instrumenter.rb:20:in `instrument'
  activesupport (4.2.0) lib/active_support/notifications.rb:164:in `instrument'
  actionpack (4.2.0) lib/action_controller/metal/instrumentation.rb:30:in `process_action'
  actionpack (4.2.0) lib/action_controller/metal/params_wrapper.rb:250:in `process_action'
  activerecord (4.2.0) lib/active_record/railties/controller_runtime.rb:18:in `process_action'
  actionpack (4.2.0) lib/abstract_controller/base.rb:137:in `process'
  actionview (4.2.0) lib/action_view/rendering.rb:30:in `process'
  actionpack (4.2.0) lib/action_controller/metal.rb:195:in `dispatch'
  actionpack (4.2.0) lib/action_controller/metal/rack_delegation.rb:13:in `dispatch'
  actionpack (4.2.0) lib/action_controller/metal.rb:236:in `block in action'
  actionpack (4.2.0) lib/action_dispatch/routing/route_set.rb:73:in `call'
  actionpack (4.2.0) lib/action_dispatch/routing/route_set.rb:73:in `dispatch'
  actionpack (4.2.0) lib/action_dispatch/routing/route_set.rb:42:in `serve'
  actionpack (4.2.0) lib/action_dispatch/routing/mapper.rb:49:in `serve'
  actionpack (4.2.0) lib/action_dispatch/journey/router.rb:43:in `block in serve'
  actionpack (4.2.0) lib/action_dispatch/journey/router.rb:30:in `each'
  actionpack (4.2.0) lib/action_dispatch/journey/router.rb:30:in `serve'
  actionpack (4.2.0) lib/action_dispatch/routing/route_set.rb:802:in `call'
  warden (1.2.3) lib/warden/manager.rb:35:in `block in call'
  warden (1.2.3) lib/warden/manager.rb:34:in `catch'
  warden (1.2.3) lib/warden/manager.rb:34:in `call'
  rack (1.6.0) lib/rack/etag.rb:24:in `call'
  rack (1.6.0) lib/rack/conditionalget.rb:38:in `call'
  rack (1.6.0) lib/rack/head.rb:13:in `call'
  actionpack (4.2.0) lib/action_dispatch/middleware/params_parser.rb:27:in `call'
  actionpack (4.2.0) lib/action_dispatch/middleware/flash.rb:260:in `call'
  rack (1.6.0) lib/rack/session/abstract/id.rb:225:in `context'
  rack (1.6.0) lib/rack/session/abstract/id.rb:220:in `call'
  actionpack (4.2.0) lib/action_dispatch/middleware/cookies.rb:560:in `call'
  activerecord (4.2.0) lib/active_record/query_cache.rb:36:in `call'
  activerecord (4.2.0) lib/active_record/connection_adapters/abstract/connection_pool.rb:647:in `call'
  activerecord (4.2.0) lib/active_record/migration.rb:378:in `call'
  actionpack (4.2.0) lib/action_dispatch/middleware/callbacks.rb:29:in `block in call'
  activesupport (4.2.0) lib/active_support/callbacks.rb:88:in `call'
  activesupport (4.2.0) lib/active_support/callbacks.rb:88:in `_run_callbacks'
  activesupport (4.2.0) lib/active_support/callbacks.rb:734:in `_run_call_callbacks'
  activesupport (4.2.0) lib/active_support/callbacks.rb:81:in `run_callbacks'
  actionpack (4.2.0) lib/action_dispatch/middleware/callbacks.rb:27:in `call'
  actionpack (4.2.0) lib/action_dispatch/middleware/reloader.rb:73:in `call'
  actionpack (4.2.0) lib/action_dispatch/middleware/remote_ip.rb:78:in `call'
  web-console (2.0.0) lib/action_dispatch/debug_exceptions.rb:18:in `middleware_call'
  web-console (2.0.0) lib/action_dispatch/debug_exceptions.rb:13:in `call'
  actionpack (4.2.0) lib/action_dispatch/middleware/show_exceptions.rb:30:in `call'
  railties (4.2.0) lib/rails/rack/logger.rb:38:in `call_app'
  railties (4.2.0) lib/rails/rack/logger.rb:20:in `block in call'
  activesupport (4.2.0) lib/active_support/tagged_logging.rb:68:in `block in tagged'
  activesupport (4.2.0) lib/active_support/tagged_logging.rb:26:in `tagged'
  activesupport (4.2.0) lib/active_support/tagged_logging.rb:68:in `tagged'
  railties (4.2.0) lib/rails/rack/logger.rb:20:in `call'
  actionpack (4.2.0) lib/action_dispatch/middleware/request_id.rb:21:in `call'
  rack (1.6.0) lib/rack/methodoverride.rb:22:in `call'
  rack (1.6.0) lib/rack/runtime.rb:18:in `call'
  activesupport (4.2.0) lib/active_support/cache/strategy/local_cache_middleware.rb:28:in `call'
  rack (1.6.0) lib/rack/lock.rb:17:in `call'
  actionpack (4.2.0) lib/action_dispatch/middleware/static.rb:113:in `call'
  rack (1.6.0) lib/rack/sendfile.rb:113:in `call'
  railties (4.2.0) lib/rails/engine.rb:518:in `call'
  railties (4.2.0) lib/rails/application.rb:164:in `call'
  rack (1.6.0) lib/rack/lock.rb:17:in `call'
  rack (1.6.0) lib/rack/content_length.rb:15:in `call'
  rack (1.6.0) lib/rack/handler/webrick.rb:89:in `service'
  /System/Library/Frameworks/Ruby.framework/Versions/2.0/usr/lib/ruby/2.0.0/webrick/httpserver.rb:138:in `service'
  /System/Library/Frameworks/Ruby.framework/Versions/2.0/usr/lib/ruby/2.0.0/webrick/httpserver.rb:94:in `run'
  /System/Library/Frameworks/Ruby.framework/Versions/2.0/usr/lib/ruby/2.0.0/webrick/server.rb:295:in `block in start_thread'


  Rendered /Library/Ruby/Gems/2.0.0/gems/web-console-2.0.0/lib/action_dispatch/templates/rescues/_source.erb (8.3ms)
  Rendered /Library/Ruby/Gems/2.0.0/gems/web-console-2.0.0/lib/action_dispatch/templates/rescues/_trace.html.erb (2.9ms)
  Rendered /Library/Ruby/Gems/2.0.0/gems/web-console-2.0.0/lib/action_dispatch/templates/rescues/_request_and_response.html.erb (0.7ms)
  Rendered /Library/Ruby/Gems/2.0.0/gems/web-console-2.0.0/lib/action_dispatch/templates/rescues/_web_console.html.erb (0.7ms)
  Rendered /Library/Ruby/Gems/2.0.0/gems/web-console-2.0.0/lib/action_dispatch/templates/rescues/diagnostics.html.erb within rescues/layout (24.1ms)


Started GET "/posts" for ::1 at 2015-02-20 05:44:51 -0800
Processing by PostsController#index as HTML
  [1m[36mPost Load (0.1ms)[0m  [1mSELECT "posts".* FROM "posts"[0m
  Rendered posts/index.html.erb within layouts/application (4.6ms)
Completed 200 OK in 110ms (Views: 101.7ms | ActiveRecord: 0.3ms)


Started GET "/assets/welcome-3ed924ff8ccea31e10904e5a81810b5a.css?body=1" for ::1 at 2015-02-20 05:44:51 -0800


Started GET "/assets/posts-64e62ddc273c2f5847f30d698ca14b67.css?body=1" for ::1 at 2015-02-20 05:44:51 -0800


Started GET "/assets/jquery-87424c3c19e96d4fb033c10ebe21ec40.js?body=1" for ::1 at 2015-02-20 05:44:51 -0800


Started GET "/assets/application-d8c96d5c1fb84bcbf8638fdf210425f3.css?body=1" for ::1 at 2015-02-20 05:44:51 -0800


Started GET "/assets/turbolinks-da8ddad9c2c5483d4c5c30c1ce325253.js?body=1" for ::1 at 2015-02-20 05:44:51 -0800


Started GET "/assets/jquery_ujs-e27bd20a10d28155845a22d71ef94f2f.js?body=1" for ::1 at 2015-02-20 05:44:51 -0800


Started GET "/assets/bootstrap-f069863cd7c15927c7faef4bba9fc907.js?body=1" for ::1 at 2015-02-20 05:44:51 -0800


Started GET "/assets/posts-fcec5b5a277ac7c20cc9f45a209a3bcd.js?body=1" for ::1 at 2015-02-20 05:44:51 -0800


Started GET "/assets/welcome-fcec5b5a277ac7c20cc9f45a209a3bcd.js?body=1" for ::1 at 2015-02-20 05:44:51 -0800


Started GET "/assets/application-5815541167887a608b815eb5cea143a1.js?body=1" for ::1 at 2015-02-20 05:44:51 -0800


Started GET "/users/sign_in" for ::1 at 2015-02-20 05:44:55 -0800
Processing by Devise::SessionsController#new as HTML
  Rendered devise/shared/_links.html.erb (2.7ms)
  Rendered devise/sessions/new.html.erb within layouts/application (7.3ms)
Completed 200 OK in 111ms (Views: 110.1ms | ActiveRecord: 0.0ms)


Started POST "/users/sign_in" for ::1 at 2015-02-20 05:45:01 -0800
Processing by Devise::SessionsController#create as HTML
  Parameters: {"utf8"=>"✓", "authenticity_token"=>"vdArV3VsW7KXe81CPNN9ryIwQsD8Kmzwy0lceCl2pLMW6FGwpkmCStlOrCF9/WAAVHu+QxBcDUvwKpyCS+GYhA==", "user"=>{"email"=>"davidlpauli@gmail.com", "password"=>"[FILTERED]", "remember_me"=>"0"}, "commit"=>"Sign in"}
  [1m[35mUser Load (0.1ms)[0m  SELECT  "users".* FROM "users" WHERE "users"."email" = ?  ORDER BY "users"."id" ASC LIMIT 1  [["email", "davidlpauli@gmail.com"]]
Completed 401 Unauthorized in 1ms
Processing by Devise::SessionsController#new as HTML
  Parameters: {"utf8"=>"✓", "authenticity_token"=>"vdArV3VsW7KXe81CPNN9ryIwQsD8Kmzwy0lceCl2pLMW6FGwpkmCStlOrCF9/WAAVHu+QxBcDUvwKpyCS+GYhA==", "user"=>{"email"=>"davidlpauli@gmail.com", "password"=>"[FILTERED]", "remember_me"=>"0"}, "commit"=>"Sign in"}
  Rendered devise/shared/_links.html.erb (2.5ms)
  Rendered devise/sessions/new.html.erb within layouts/application (6.1ms)
Completed 200 OK in 122ms (Views: 63.2ms | ActiveRecord: 0.0ms)


Started GET "/assets/posts-64e62ddc273c2f5847f30d698ca14b67.css?body=1" for ::1 at 2015-02-20 05:45:01 -0800


Started GET "/assets/jquery-87424c3c19e96d4fb033c10ebe21ec40.js?body=1" for ::1 at 2015-02-20 05:45:01 -0800


Started GET "/assets/welcome-3ed924ff8ccea31e10904e5a81810b5a.css?body=1" for ::1 at 2015-02-20 05:45:01 -0800


Started GET "/assets/application-d8c96d5c1fb84bcbf8638fdf210425f3.css?body=1" for ::1 at 2015-02-20 05:45:01 -0800


Started GET "/assets/turbolinks-da8ddad9c2c5483d4c5c30c1ce325253.js?body=1" for ::1 at 2015-02-20 05:45:01 -0800


Started GET "/assets/jquery_ujs-e27bd20a10d28155845a22d71ef94f2f.js?body=1" for ::1 at 2015-02-20 05:45:01 -0800


Started GET "/assets/bootstrap-f069863cd7c15927c7faef4bba9fc907.js?body=1" for ::1 at 2015-02-20 05:45:01 -0800


Started GET "/assets/posts-fcec5b5a277ac7c20cc9f45a209a3bcd.js?body=1" for ::1 at 2015-02-20 05:45:01 -0800


Started GET "/assets/welcome-fcec5b5a277ac7c20cc9f45a209a3bcd.js?body=1" for ::1 at 2015-02-20 05:45:01 -0800


Started GET "/assets/application-5815541167887a608b815eb5cea143a1.js?body=1" for ::1 at 2015-02-20 05:45:01 -0800
